[debug] [2025-08-26T10:12:44.684Z] ----------------------------------------------------------------------
[debug] [2025-08-26T10:12:44.707Z] Command:       C:\Program Files\nodejs\node.exe C:\Users\hp\AppData\Roaming\npm\node_modules\firebase-tools\lib\bin\firebase.js emulators:start
[debug] [2025-08-26T10:12:44.711Z] CLI Version:   14.12.1
[debug] [2025-08-26T10:12:44.712Z] Platform:      win32
[debug] [2025-08-26T10:12:44.730Z] Node Version:  v22.15.0
[debug] [2025-08-26T10:12:44.734Z] Time:          Tue Aug 26 2025 12:12:44 GMT+0200 (heure d’été d’Europe centrale)
[debug] [2025-08-26T10:12:44.736Z] ----------------------------------------------------------------------
[debug] 
[debug] [2025-08-26T10:12:47.840Z] Field "/emulators/firestore/host" in "firebase.json" is possibly invalid: must be string
[debug] [2025-08-26T10:12:47.891Z] > command requires scopes: ["email","openid","https://www.googleapis.com/auth/cloudplatformprojects.readonly","https://www.googleapis.com/auth/firebase","https://www.googleapis.com/auth/cloud-platform"]
[debug] [2025-08-26T10:12:47.893Z] > authorizing via signed-in user (me.devs15@gmail.com)
[debug] [2025-08-26T10:12:48.710Z] openjdk version "21.0.8" 2025-07-15 LTS

[debug] [2025-08-26T10:12:48.714Z] OpenJDK Runtime Environment Temurin-21.0.8+9 (build 21.0.8+9-LTS)
OpenJDK 64-Bit Server VM Temurin-21.0.8+9 (build 21.0.8+9-LTS, mixed mode, sharing)

[debug] [2025-08-26T10:12:48.753Z] Parsed Java major version: 21
[info] i  emulators: Starting emulators: functions, firestore, extensions {"metadata":{"emulator":{"name":"hub"},"message":"Starting emulators: functions, firestore, extensions"}}
[debug] [2025-08-26T10:12:48.765Z] Checked if tokens are valid: true, expires at: 1756204647838
[debug] [2025-08-26T10:12:48.766Z] Checked if tokens are valid: true, expires at: 1756204647838
[debug] [2025-08-26T10:12:48.770Z] >>> [apiv2][query] GET https://cloudresourcemanager.googleapis.com/v1/projects/tafsir-app-3b154 [none]
[debug] [2025-08-26T10:12:49.521Z] <<< [apiv2][status] GET https://cloudresourcemanager.googleapis.com/v1/projects/tafsir-app-3b154 200
[debug] [2025-08-26T10:12:49.522Z] <<< [apiv2][body] GET https://cloudresourcemanager.googleapis.com/v1/projects/tafsir-app-3b154 {"projectNumber":"452609641286","projectId":"tafsir-app-3b154","lifecycleState":"ACTIVE","name":"Tafsir App","labels":{"firebase":"enabled","firebase-core":"disabled"},"createTime":"2025-07-16T13:40:43.742587Z"}
[debug] [2025-08-26T10:12:49.606Z] [logging] Logging Emulator only supports listening on one address (127.0.0.1). Not listening on ::1
[debug] [2025-08-26T10:12:49.621Z] Could not find VSCode notification endpoint: FetchError: request to http://localhost:40001/vscode/notify failed, reason: . If you are not running the Firebase Data Connect VSCode extension, this is expected and not an issue.
[info] i  emulators: Shutting down emulators. {"metadata":{"emulator":{"name":"hub"},"message":"Shutting down emulators."}}
[debug] [2025-08-26T10:12:49.668Z] Could not find VSCode notification endpoint: FetchError: request to http://localhost:40001/vscode/notify failed, reason: . If you are not running the Firebase Data Connect VSCode extension, this is expected and not an issue.
[debug] [2025-08-26T10:12:49.834Z] TypeError [ERR_INVALID_ARG_TYPE]: The "hostname" argument must be of type string. Received type number (5001)
    at Resolver.lookup (node:internal/dns/promises:204:5)
    at Resolver.lookupAll (C:\Users\hp\AppData\Roaming\npm\node_modules\firebase-tools\lib\emulator\dns.js:40:38)
    at resolveHostAndAssignPorts (C:\Users\hp\AppData\Roaming\npm\node_modules\firebase-tools\lib\emulator\portUtils.js:184:45)
    at Object.startAll (C:\Users\hp\AppData\Roaming\npm\node_modules\firebase-tools\lib\emulator\controller.js:279:77)
    at process.processTicksAndRejections (node:internal/process/task_queues:105:5)
    at async C:\Users\hp\AppData\Roaming\npm\node_modules\firebase-tools\lib\commands\emulators-start.js:34:43
[error] 
[error] Error: An unexpected error has occurred.
